Performing C++ SOURCE FILE Test CMAKE_HAVE_LIBC_PTHREAD failed with the following output:
Change Dir: C:/Qt/Examples/Qt-6.4.3/demos/build-calqlatr-Unnamed-Debug/CMakeFiles/CMakeTmp

Run Build Command(s):C:/PROGRA~2/MICROS~2/2019/ENTERP~1/Common7/IDE/COMMON~1/MICROS~1/CMake/Ninja/ninja.exe cmTC_9ede7 && [1/2] Building CXX object CMakeFiles\cmTC_9ede7.dir\src.cxx.obj
FAILED: CMakeFiles/cmTC_9ede7.dir/src.cxx.obj 
C:\PROGRA~2\MICROS~2\2019\ENTERP~1\VC\Tools\MSVC\1429~1.301\bin\HostX64\x64\cl.exe  /nologo /TP -DCMAKE_HAVE_LIBC_PTHREAD  -DQT_QML_DEBUG /DWIN32 /D_WINDOWS /GR /EHsc  /Zi /Ob0 /Od /RTC1 -MDd /showIncludes /FoCMakeFiles\cmTC_9ede7.dir\src.cxx.obj /FdCMakeFiles\cmTC_9ede7.dir\ /FS -c C:\Qt\Examples\Qt-6.4.3\demos\build-calqlatr-Unnamed-Debug\CMakeFiles\CMakeTmp\src.cxx
C:\Qt\Examples\Qt-6.4.3\demos\build-calqlatr-Unnamed-Debug\CMakeFiles\CMakeTmp\src.cxx(1): fatal error C1083: 無法開啟包含檔案: 'pthread.h': No such file or directory
ninja: build stopped: subcommand failed.


Source file was:
#include <pthread.h>

static void* test_func(void* data)
{
  return data;
}

int main(void)
{
  pthread_t thread;
  pthread_create(&thread, NULL, test_func, NULL);
  pthread_detach(thread);
  pthread_cancel(thread);
  pthread_join(thread, NULL);
  pthread_atfork(NULL, NULL, NULL);
  pthread_exit(NULL);

  return 0;
}

Determining if the function pthread_create exists in the pthreads failed with the following output:
Change Dir: C:/Qt/Examples/Qt-6.4.3/demos/build-calqlatr-Unnamed-Debug/CMakeFiles/CMakeTmp

Run Build Command(s):C:/PROGRA~2/MICROS~2/2019/ENTERP~1/Common7/IDE/COMMON~1/MICROS~1/CMake/Ninja/ninja.exe cmTC_fa7c7 && [1/2] Building CXX object CMakeFiles\cmTC_fa7c7.dir\CheckFunctionExists.cxx.obj
[2/2] Linking CXX executable cmTC_fa7c7.exe
FAILED: cmTC_fa7c7.exe 
cmd.exe /C "cd . && C:\Qt\Tools\CMake_64\bin\cmake.exe -E vs_link_exe --intdir=CMakeFiles\cmTC_fa7c7.dir --rc=C:\PROGRA~2\WI3CF2~1\10\bin\100190~1.0\x64\rc.exe --mt=C:\PROGRA~2\WI3CF2~1\10\bin\100190~1.0\x64\mt.exe --manifests  -- C:\PROGRA~2\MICROS~2\2019\ENTERP~1\VC\Tools\MSVC\1429~1.301\bin\Hostx64\x64\link.exe /nologo CMakeFiles\cmTC_fa7c7.dir\CheckFunctionExists.cxx.obj  /out:cmTC_fa7c7.exe /implib:cmTC_fa7c7.lib /pdb:cmTC_fa7c7.pdb /version:0.0 /machine:x64  /debug /INCREMENTAL /subsystem:console  pthreads.lib  kernel32.lib user32.lib gdi32.lib winspool.lib shell32.lib ole32.lib oleaut32.lib uuid.lib comdlg32.lib advapi32.lib && cd ."
LINK Pass 1: command "C:\PROGRA~2\MICROS~2\2019\ENTERP~1\VC\Tools\MSVC\1429~1.301\bin\Hostx64\x64\link.exe /nologo CMakeFiles\cmTC_fa7c7.dir\CheckFunctionExists.cxx.obj /out:cmTC_fa7c7.exe /implib:cmTC_fa7c7.lib /pdb:cmTC_fa7c7.pdb /version:0.0 /machine:x64 /debug /INCREMENTAL /subsystem:console pthreads.lib kernel32.lib user32.lib gdi32.lib winspool.lib shell32.lib ole32.lib oleaut32.lib uuid.lib comdlg32.lib advapi32.lib /MANIFEST /MANIFESTFILE:CMakeFiles\cmTC_fa7c7.dir/intermediate.manifest CMakeFiles\cmTC_fa7c7.dir/manifest.res" failed (exit code 1104) with the following output:
LINK : fatal error LNK1104: 無法開啟檔案 'pthreads.lib'
ninja: build stopped: subcommand failed.



Determining if the function pthread_create exists in the pthread failed with the following output:
Change Dir: C:/Qt/Examples/Qt-6.4.3/demos/build-calqlatr-Unnamed-Debug/CMakeFiles/CMakeTmp

Run Build Command(s):C:/PROGRA~2/MICROS~2/2019/ENTERP~1/Common7/IDE/COMMON~1/MICROS~1/CMake/Ninja/ninja.exe cmTC_6313f && [1/2] Building CXX object CMakeFiles\cmTC_6313f.dir\CheckFunctionExists.cxx.obj
[2/2] Linking CXX executable cmTC_6313f.exe
FAILED: cmTC_6313f.exe 
cmd.exe /C "cd . && C:\Qt\Tools\CMake_64\bin\cmake.exe -E vs_link_exe --intdir=CMakeFiles\cmTC_6313f.dir --rc=C:\PROGRA~2\WI3CF2~1\10\bin\100190~1.0\x64\rc.exe --mt=C:\PROGRA~2\WI3CF2~1\10\bin\100190~1.0\x64\mt.exe --manifests  -- C:\PROGRA~2\MICROS~2\2019\ENTERP~1\VC\Tools\MSVC\1429~1.301\bin\Hostx64\x64\link.exe /nologo CMakeFiles\cmTC_6313f.dir\CheckFunctionExists.cxx.obj  /out:cmTC_6313f.exe /implib:cmTC_6313f.lib /pdb:cmTC_6313f.pdb /version:0.0 /machine:x64  /debug /INCREMENTAL /subsystem:console  pthread.lib  kernel32.lib user32.lib gdi32.lib winspool.lib shell32.lib ole32.lib oleaut32.lib uuid.lib comdlg32.lib advapi32.lib && cd ."
LINK Pass 1: command "C:\PROGRA~2\MICROS~2\2019\ENTERP~1\VC\Tools\MSVC\1429~1.301\bin\Hostx64\x64\link.exe /nologo CMakeFiles\cmTC_6313f.dir\CheckFunctionExists.cxx.obj /out:cmTC_6313f.exe /implib:cmTC_6313f.lib /pdb:cmTC_6313f.pdb /version:0.0 /machine:x64 /debug /INCREMENTAL /subsystem:console pthread.lib kernel32.lib user32.lib gdi32.lib winspool.lib shell32.lib ole32.lib oleaut32.lib uuid.lib comdlg32.lib advapi32.lib /MANIFEST /MANIFESTFILE:CMakeFiles\cmTC_6313f.dir/intermediate.manifest CMakeFiles\cmTC_6313f.dir/manifest.res" failed (exit code 1104) with the following output:
LINK : fatal error LNK1104: 無法開啟檔案 'pthread.lib'
ninja: build stopped: subcommand failed.



